{"level":"info","message":"Found sitemap index with 1 child sitemaps","timestamp":"2026-05-19T19:35:48.019Z"}
{"level":"info","message":"Found 6 URLs in sitemap","timestamp":"2026-05-19T19:35:48.584Z"}
{"level":"info","message":"Submitting 6 uncached URLs","timestamp":"2026-05-19T19:35:48.584Z"}
{"level":"info","message":"Submitting batch of 6 urls: https://cctv.name/blog/best-cameras-under-200,https://cctv.name/blog/hello-world,https://cctv.name/blog/poe-nvr-setup,https://cctv.name/blog,https://cctv.name,https://cctv.name/robots.txt","timestamp":"2026-05-19T19:35:48.585Z"}
{"level":"info","message":"Batch accepted (202): URLs received, key validation pending","timestamp":"2026-05-19T19:35:49.390Z"}
{"level":"info","message":"Found sitemap index with 1 child sitemaps","timestamp":"2026-05-19T19:40:56.703Z"}
{"level":"info","message":"Found 6 URLs in sitemap","timestamp":"2026-05-19T19:40:56.747Z"}
{"level":"info","message":"Submitting 6 uncached URLs","timestamp":"2026-05-19T19:40:56.748Z"}
{"level":"info","message":"Submitting batch of 6 urls: https://cctv.name/blog/best-cameras-under-200,https://cctv.name/blog/hello-world,https://cctv.name/blog/poe-nvr-setup,https://cctv.name/blog,https://cctv.name,https://cctv.name/robots.txt","timestamp":"2026-05-19T19:40:56.749Z"}
{"level":"info","message":"Batch accepted (202): URLs received, key validation pending","timestamp":"2026-05-19T19:40:57.654Z"}
{"level":"info","message":"Found sitemap index with 1 child sitemaps","timestamp":"2026-05-20T14:19:56.214Z"}
{"level":"info","message":"Found 6 URLs in sitemap","timestamp":"2026-05-20T14:19:56.275Z"}
{"level":"info","message":"Submitting 6 uncached URLs","timestamp":"2026-05-20T14:19:56.276Z"}
{"level":"info","message":"Submitting batch of 6 urls: https://cctv.name/blog/best-cameras-under-200,https://cctv.name/blog/hello-world,https://cctv.name/blog/poe-nvr-setup,https://cctv.name/blog,https://cctv.name,https://cctv.name/robots.txt","timestamp":"2026-05-20T14:19:56.277Z"}
{"level":"info","message":"Batch accepted (202): URLs received, key validation pending","timestamp":"2026-05-20T14:19:57.380Z"}
{"level":"info","message":"Found sitemap index with 1 child sitemaps","timestamp":"2026-05-20T14:20:26.553Z"}
{"level":"info","message":"Found 6 URLs in sitemap","timestamp":"2026-05-20T14:20:26.599Z"}
{"level":"info","message":"Submitting 6 uncached URLs","timestamp":"2026-05-20T14:20:26.599Z"}
{"level":"info","message":"Submitting batch of 6 urls: https://cctv.name/blog/best-cameras-under-200,https://cctv.name/blog/hello-world,https://cctv.name/blog/poe-nvr-setup,https://cctv.name/blog,https://cctv.name,https://cctv.name/robots.txt","timestamp":"2026-05-20T14:20:26.600Z"}
{"level":"info","message":"Batch accepted (202): URLs received, key validation pending","timestamp":"2026-05-20T14:20:27.311Z"}
{"level":"info","message":"Found sitemap index with 1 child sitemaps","timestamp":"2026-05-20T14:43:21.458Z"}
{"level":"info","message":"Found 9 URLs in sitemap","timestamp":"2026-05-20T14:43:22.081Z"}
{"level":"info","message":"Submitting 9 uncached URLs","timestamp":"2026-05-20T14:43:22.081Z"}
{"level":"info","message":"Submitting batch of 9 urls: https://cctv.name/blog/best-cameras-under-200,https://cctv.name/blog/hello-world,https://cctv.name/blog/hi,https://cctv.name/blog/poe-nvr-setup,https://cctv.name/blog,https://cctv.name/login,https://cctv.name/markdoc-demo,https://cctv.name,https://cctv.name/robots.txt","timestamp":"2026-05-20T14:43:22.082Z"}
{"level":"info","message":"Batch accepted (202): URLs received, key validation pending","timestamp":"2026-05-20T14:43:22.916Z"}
{"level":"info","message":"Found sitemap index with 1 child sitemaps","timestamp":"2026-05-20T14:46:04.588Z"}
{"level":"info","message":"Found 9 URLs in sitemap","timestamp":"2026-05-20T14:46:04.648Z"}
{"level":"info","message":"Submitting 9 uncached URLs","timestamp":"2026-05-20T14:46:04.648Z"}
{"level":"info","message":"Submitting batch of 9 urls: https://cctv.name/blog/best-cameras-under-200,https://cctv.name/blog/hello-world,https://cctv.name/blog/hi,https://cctv.name/blog/poe-nvr-setup,https://cctv.name/blog,https://cctv.name/login,https://cctv.name/markdoc-demo,https://cctv.name,https://cctv.name/robots.txt","timestamp":"2026-05-20T14:46:04.649Z"}
{"level":"info","message":"Batch accepted (202): URLs received, key validation pending","timestamp":"2026-05-20T14:46:05.501Z"}
